<?xml version="1.0" encoding="UTF-8"?>
<testng-results ignored="0" total="2" passed="2" failed="0" skipped="0">
  <reporter-output>
  </reporter-output>
  <suite started-at="2025-07-13T16:56:53 EET" name="Default suite" finished-at="2025-07-13T16:56:56 EET" duration-ms="2585">
    <groups>
    </groups>
    <test started-at="2025-07-13T16:56:53 EET" name="Default test" finished-at="2025-07-13T16:56:56 EET" duration-ms="2585">
      <class name="practice">
        <test-method is-config="true" signature="mySetup()[pri:0, instance:practice@732f29af]" started-at="2025-07-13T16:56:53 EET" name="mySetup" finished-at="2025-07-13T16:56:54 EET" duration-ms="936" status="PASS">
          <reporter-output>
          </reporter-output>
        </test-method> <!-- mySetup -->
        <test-method signature="Login()[pri:1, instance:practice@732f29af]" started-at="2025-07-13T16:56:54 EET" name="Login" finished-at="2025-07-13T16:56:56 EET" duration-ms="1329" status="PASS">
          <reporter-output>
          </reporter-output>
        </test-method> <!-- Login -->
        <test-method signature="AddItemsToTheCart()[pri:2, instance:practice@732f29af]" started-at="2025-07-13T16:56:56 EET" name="AddItemsToTheCart" finished-at="2025-07-13T16:56:56 EET" duration-ms="202" status="PASS">
          <reporter-output>
          </reporter-output>
        </test-method> <!-- AddItemsToTheCart -->
      </class> <!-- practice -->
    </test> <!-- Default test -->
  </suite> <!-- Default suite -->
</testng-results>
