<?xml version="1.0" encoding="UTF-8"?>
<testng-results ignored="0" total="2" passed="2" failed="0" skipped="0">
  <reporter-output>
  </reporter-output>
  <suite started-at="2025-07-14T11:21:52 EET" name="Default suite" finished-at="2025-07-14T11:21:54 EET" duration-ms="1837">
    <groups>
    </groups>
    <test started-at="2025-07-14T11:21:52 EET" name="Default test" finished-at="2025-07-14T11:21:54 EET" duration-ms="1837">
      <class name="Practiceswaglab">
        <test-method is-config="true" signature="MySetUp()[pri:0, instance:Practiceswaglab@d3957fe]" started-at="2025-07-14T11:21:52 EET" name="MySetUp" finished-at="2025-07-14T11:21:53 EET" duration-ms="880" status="PASS">
          <reporter-output>
          </reporter-output>
        </test-method> <!-- MySetUp -->
        <test-method signature="Login()[pri:1, instance:Practiceswaglab@d3957fe]" started-at="2025-07-14T11:21:53 EET" name="Login" finished-at="2025-07-14T11:21:54 EET" duration-ms="456" status="PASS">
          <reporter-output>
          </reporter-output>
        </test-method> <!-- Login -->
        <test-method signature="AddToCart()[pri:2, instance:Practiceswaglab@d3957fe]" started-at="2025-07-14T11:21:54 EET" name="AddToCart" finished-at="2025-07-14T11:21:54 EET" duration-ms="388" status="PASS">
          <reporter-output>
          </reporter-output>
        </test-method> <!-- AddToCart -->
      </class> <!-- Practiceswaglab -->
    </test> <!-- Default test -->
  </suite> <!-- Default suite -->
</testng-results>
